0 info it worked if it ends with ok
1 verbose cli [ '/usr/bin/nodejs', '/usr/bin/npm', 'start' ]
2 info using npm@3.5.2
3 info using node@v4.2.6
4 verbose run-script [ 'prestart', 'start', 'poststart' ]
5 info lifecycle angular_site003@1.0.0~prestart: angular_site003@1.0.0
6 silly lifecycle angular_site003@1.0.0~prestart: no script for prestart, continuing
7 info lifecycle angular_site003@1.0.0~start: angular_site003@1.0.0
8 verbose lifecycle angular_site003@1.0.0~start: unsafe-perm in lifecycle true
9 verbose lifecycle angular_site003@1.0.0~start: PATH: /usr/share/npm/bin/node-gyp-bin:/home/jade/Documents/typescript_projects/angular_site003/node_modules/.bin:/usr/local/sbin:/usr/local/bin:/usr/sbin:/usr/bin:/sbin:/bin:/usr/games:/usr/local/games:/usr/local/java/jdk1.8.0_101/bin:/usr/local/ant/bin:/usr/local/node/bin:/usr/local/nwjs:/usr/local/go/bin:/usr/lib/dart/bin:/usr/local/elm/.cabal-sandbox/bin:/home/jade/.pub-cache/bin
10 verbose lifecycle angular_site003@1.0.0~start: CWD: /home/jade/Documents/typescript_projects/angular_site003
11 silly lifecycle angular_site003@1.0.0~start: Args: [ '-c', 'tsc && concurrently "npm run tsc:w" "npm run lite" ' ]
12 silly lifecycle angular_site003@1.0.0~start: Returned: code: 2  signal: null
13 info lifecycle angular_site003@1.0.0~start: Failed to exec start script
14 verbose stack Error: angular_site003@1.0.0 start: `tsc && concurrently "npm run tsc:w" "npm run lite" `
14 verbose stack Exit status 2
14 verbose stack     at EventEmitter.<anonymous> (/usr/share/npm/lib/utils/lifecycle.js:232:16)
14 verbose stack     at emitTwo (events.js:87:13)
14 verbose stack     at EventEmitter.emit (events.js:172:7)
14 verbose stack     at ChildProcess.<anonymous> (/usr/share/npm/lib/utils/spawn.js:24:14)
14 verbose stack     at emitTwo (events.js:87:13)
14 verbose stack     at ChildProcess.emit (events.js:172:7)
14 verbose stack     at maybeClose (internal/child_process.js:821:16)
14 verbose stack     at Process.ChildProcess._handle.onexit (internal/child_process.js:211:5)
15 verbose pkgid angular_site003@1.0.0
16 verbose cwd /home/jade/Documents/typescript_projects/angular_site003
17 error Linux 4.4.0-38-generic
18 error argv "/usr/bin/nodejs" "/usr/bin/npm" "start"
19 error node v4.2.6
20 error npm  v3.5.2
21 error code ELIFECYCLE
22 error angular_site003@1.0.0 start: `tsc && concurrently "npm run tsc:w" "npm run lite" `
22 error Exit status 2
23 error Failed at the angular_site003@1.0.0 start script 'tsc && concurrently "npm run tsc:w" "npm run lite" '.
23 error Make sure you have the latest version of node.js and npm installed.
23 error If you do, this is most likely a problem with the angular_site003 package,
23 error not with npm itself.
23 error Tell the author that this fails on your system:
23 error     tsc && concurrently "npm run tsc:w" "npm run lite"
23 error You can get information on how to open an issue for this project with:
23 error     npm bugs angular_site003
23 error Or if that isn't available, you can get their info via:
23 error     npm owner ls angular_site003
23 error There is likely additional logging output above.
24 verbose exit [ 1, true ]
